<?xml version="1.0" encoding="UTF-8"?>
<!-- Generated by org.testng.reporters.JUnitReportReporter -->
<testsuite skipped="0" hostname="vmt5023" name="demo.File1" tests="3" failures="0" timestamp="22 Jul 2019 05:57:28 GMT" time="12.319" errors="0">
  <testcase name="f" time="1.610" classname="demo.File1"/>
  <testcase name="f" time="6.801" classname="demo.File1"/>
  <testcase name="f" time="3.908" classname="demo.File1"/>
</testsuite> <!-- demo.File1 -->
