<?xml version="1.0" encoding="UTF-8"?>
<!-- Generated by org.testng.reporters.JUnitReportReporter -->
<testsuite skipped="0" hostname="vmt5023" name="testData.ExcelDemo2" tests="4" failures="0" timestamp="22 Jul 2019 09:20:02 GMT" time="58.888" errors="0">
  <testcase name="f" time="13.359" classname="testData.ExcelDemo2"/>
  <testcase name="f" time="14.661" classname="testData.ExcelDemo2"/>
  <testcase name="f" time="14.701" classname="testData.ExcelDemo2"/>
  <testcase name="f" time="16.167" classname="testData.ExcelDemo2"/>
</testsuite> <!-- testData.ExcelDemo2 -->
